[24-Mar-2021 00:21:57 Europe/Berlin] Inicio de la aplicacion
[24-Mar-2021 00:24:32 Europe/Berlin] Inicio de la aplicacion
[24-Mar-2021 00:24:34 Europe/Berlin] Inicio de la aplicacion
[24-Mar-2021 00:24:34 Europe/Berlin] Inicio de la aplicacion
[24-Mar-2021 00:24:34 Europe/Berlin] Inicio de la aplicacion
[24-Mar-2021 00:24:34 Europe/Berlin] Inicio de la aplicacion
[24-Mar-2021 00:24:34 Europe/Berlin] Inicio de la aplicacion
[24-Mar-2021 00:24:35 Europe/Berlin] Inicio de la aplicacion
[24-Mar-2021 00:24:36 Europe/Berlin] Inicio de la aplicacion
[24-Mar-2021 00:24:40 Europe/Berlin] Inicio de la aplicacion
[24-Mar-2021 00:24:43 Europe/Berlin] Inicio de la aplicacion
[24-Mar-2021 00:25:45 Europe/Berlin] Inicio de la aplicacion
[24-Mar-2021 00:25:47 Europe/Berlin] Inicio de la aplicacion
[24-Mar-2021 00:25:47 Europe/Berlin] Inicio de la aplicacion
[24-Mar-2021 00:25:47 Europe/Berlin] Inicio de la aplicacion
[24-Mar-2021 00:25:47 Europe/Berlin] Inicio de la aplicacion
[24-Mar-2021 00:25:47 Europe/Berlin] Inicio de la aplicacion
[24-Mar-2021 00:25:48 Europe/Berlin] Inicio de la aplicacion
[24-Mar-2021 00:25:49 Europe/Berlin] Inicio de la aplicacion
[24-Mar-2021 00:25:51 Europe/Berlin] Inicio de la aplicacion
[24-Mar-2021 00:26:42 Europe/Berlin] Inicio de la aplicacion
[24-Mar-2021 00:26:44 Europe/Berlin] Inicio de la aplicacion
[24-Mar-2021 00:26:45 Europe/Berlin] Inicio de la aplicacion
[24-Mar-2021 00:26:45 Europe/Berlin] Inicio de la aplicacion
[24-Mar-2021 00:26:45 Europe/Berlin] Inicio de la aplicacion
[24-Mar-2021 00:26:45 Europe/Berlin] Inicio de la aplicacion
[24-Mar-2021 00:26:45 Europe/Berlin] Inicio de la aplicacion
[24-Mar-2021 00:26:46 Europe/Berlin] Inicio de la aplicacion
[24-Mar-2021 00:26:49 Europe/Berlin] Inicio de la aplicacion
[24-Mar-2021 00:26:56 Europe/Berlin] Inicio de la aplicacion
[24-Mar-2021 00:26:58 Europe/Berlin] Inicio de la aplicacion
[24-Mar-2021 00:26:59 Europe/Berlin] Inicio de la aplicacion
[24-Mar-2021 00:26:59 Europe/Berlin] Inicio de la aplicacion
[24-Mar-2021 00:26:59 Europe/Berlin] Inicio de la aplicacion
[24-Mar-2021 00:26:59 Europe/Berlin] Inicio de la aplicacion
[24-Mar-2021 00:26:59 Europe/Berlin] Inicio de la aplicacion
[24-Mar-2021 00:31:13 Europe/Berlin] Inicio de la aplicacion
[24-Mar-2021 00:31:14 Europe/Berlin] Inicio de la aplicacion
[24-Mar-2021 00:31:15 Europe/Berlin] Inicio de la aplicacion
[24-Mar-2021 00:31:15 Europe/Berlin] Inicio de la aplicacion
[24-Mar-2021 00:31:15 Europe/Berlin] Inicio de la aplicacion
[24-Mar-2021 00:31:15 Europe/Berlin] Inicio de la aplicacion
[24-Mar-2021 00:31:15 Europe/Berlin] Inicio de la aplicacion
[24-Mar-2021 00:31:16 Europe/Berlin] Inicio de la aplicacion
[24-Mar-2021 00:31:27 Europe/Berlin] Inicio de la aplicacion
[24-Mar-2021 00:31:29 Europe/Berlin] Inicio de la aplicacion
[24-Mar-2021 00:31:29 Europe/Berlin] Inicio de la aplicacion
[24-Mar-2021 00:31:29 Europe/Berlin] Inicio de la aplicacion
[24-Mar-2021 00:31:29 Europe/Berlin] Inicio de la aplicacion
[24-Mar-2021 00:31:30 Europe/Berlin] Inicio de la aplicacion
[24-Mar-2021 00:31:30 Europe/Berlin] Inicio de la aplicacion
[24-Mar-2021 00:32:36 Europe/Berlin] Inicio de la aplicacion
[24-Mar-2021 00:32:40 Europe/Berlin] Inicio de la aplicacion
[24-Mar-2021 00:32:46 Europe/Berlin] Inicio de la aplicacion
[24-Mar-2021 02:04:43 Europe/Berlin] Inicio de la aplicacion
[24-Mar-2021 02:04:45 Europe/Berlin] Inicio de la aplicacion
[24-Mar-2021 02:04:45 Europe/Berlin] Inicio de la aplicacion
[24-Mar-2021 02:04:45 Europe/Berlin] Inicio de la aplicacion
[24-Mar-2021 02:04:47 Europe/Berlin] Inicio de la aplicacion
[24-Mar-2021 02:04:50 Europe/Berlin] Inicio de la aplicacion
[24-Mar-2021 02:04:53 Europe/Berlin] Inicio de la aplicacion
[24-Mar-2021 02:04:55 Europe/Berlin] Inicio de la aplicacion
[24-Mar-2021 02:04:57 Europe/Berlin] Inicio de la aplicacion
[24-Mar-2021 02:04:59 Europe/Berlin] Inicio de la aplicacion
[24-Mar-2021 02:08:02 Europe/Berlin] Inicio de la aplicacion
[24-Mar-2021 02:08:04 Europe/Berlin] Inicio de la aplicacion
[24-Mar-2021 02:08:04 Europe/Berlin] Inicio de la aplicacion
[24-Mar-2021 02:08:04 Europe/Berlin] Inicio de la aplicacion
[24-Mar-2021 02:08:06 Europe/Berlin] Inicio de la aplicacion
[24-Mar-2021 02:08:07 Europe/Berlin] Inicio de la aplicacion
[24-Mar-2021 02:08:10 Europe/Berlin] Inicio de la aplicacion
[24-Mar-2021 02:08:13 Europe/Berlin] Inicio de la aplicacion
[24-Mar-2021 02:08:15 Europe/Berlin] Inicio de la aplicacion
[24-Mar-2021 02:08:27 Europe/Berlin] Inicio de la aplicacion
[24-Mar-2021 02:08:28 Europe/Berlin] Inicio de la aplicacion
[24-Mar-2021 02:08:28 Europe/Berlin] Inicio de la aplicacion
[24-Mar-2021 02:08:47 Europe/Berlin] Inicio de la aplicacion
[24-Mar-2021 02:08:47 Europe/Berlin] Inicio de la aplicacion
[24-Mar-2021 02:08:48 Europe/Berlin] Inicio de la aplicacion
[24-Mar-2021 02:08:53 Europe/Berlin] Inicio de la aplicacion
[24-Mar-2021 02:08:55 Europe/Berlin] Inicio de la aplicacion
[24-Mar-2021 02:08:56 Europe/Berlin] Inicio de la aplicacion
[24-Mar-2021 02:08:56 Europe/Berlin] Inicio de la aplicacion
[24-Mar-2021 02:08:56 Europe/Berlin] Inicio de la aplicacion
[24-Mar-2021 02:08:56 Europe/Berlin] Inicio de la aplicacion
[24-Mar-2021 02:08:56 Europe/Berlin] Inicio de la aplicacion
[24-Mar-2021 02:11:05 Europe/Berlin] Inicio de la aplicacion
[24-Mar-2021 02:11:07 Europe/Berlin] Inicio de la aplicacion
[24-Mar-2021 02:11:07 Europe/Berlin] Inicio de la aplicacion
[24-Mar-2021 02:11:07 Europe/Berlin] Inicio de la aplicacion
[24-Mar-2021 02:11:07 Europe/Berlin] Inicio de la aplicacion
[24-Mar-2021 02:11:07 Europe/Berlin] Inicio de la aplicacion
[24-Mar-2021 02:11:08 Europe/Berlin] Inicio de la aplicacion
[24-Mar-2021 02:11:36 Europe/Berlin] Inicio de la aplicacion
[24-Mar-2021 02:11:38 Europe/Berlin] Inicio de la aplicacion
[24-Mar-2021 02:11:39 Europe/Berlin] Inicio de la aplicacion
[24-Mar-2021 02:11:39 Europe/Berlin] Inicio de la aplicacion
[24-Mar-2021 02:11:39 Europe/Berlin] Inicio de la aplicacion
[24-Mar-2021 02:11:39 Europe/Berlin] Inicio de la aplicacion
[24-Mar-2021 02:11:39 Europe/Berlin] Inicio de la aplicacion
[24-Mar-2021 02:12:41 Europe/Berlin] Inicio de la aplicacion
[24-Mar-2021 02:12:43 Europe/Berlin] Inicio de la aplicacion
[24-Mar-2021 02:12:43 Europe/Berlin] Inicio de la aplicacion
[24-Mar-2021 02:12:43 Europe/Berlin] Inicio de la aplicacion
[24-Mar-2021 02:12:44 Europe/Berlin] Inicio de la aplicacion
[24-Mar-2021 02:12:44 Europe/Berlin] Inicio de la aplicacion
[24-Mar-2021 02:12:44 Europe/Berlin] Inicio de la aplicacion
[24-Mar-2021 02:13:20 Europe/Berlin] Inicio de la aplicacion
[24-Mar-2021 02:13:22 Europe/Berlin] Inicio de la aplicacion
[24-Mar-2021 02:13:22 Europe/Berlin] Inicio de la aplicacion
[24-Mar-2021 02:13:22 Europe/Berlin] Inicio de la aplicacion
[24-Mar-2021 02:13:22 Europe/Berlin] Inicio de la aplicacion
[24-Mar-2021 02:13:22 Europe/Berlin] Inicio de la aplicacion
[24-Mar-2021 02:13:23 Europe/Berlin] Inicio de la aplicacion
[24-Mar-2021 02:13:36 Europe/Berlin] Inicio de la aplicacion
[24-Mar-2021 02:13:38 Europe/Berlin] Inicio de la aplicacion
[24-Mar-2021 02:13:38 Europe/Berlin] Inicio de la aplicacion
[24-Mar-2021 02:13:38 Europe/Berlin] Inicio de la aplicacion
[24-Mar-2021 02:13:38 Europe/Berlin] Inicio de la aplicacion
[24-Mar-2021 02:13:38 Europe/Berlin] Inicio de la aplicacion
[24-Mar-2021 02:13:39 Europe/Berlin] Inicio de la aplicacion
[24-Mar-2021 02:14:23 Europe/Berlin] Inicio de la aplicacion
[24-Mar-2021 02:14:26 Europe/Berlin] Inicio de la aplicacion
[24-Mar-2021 02:14:28 Europe/Berlin] Inicio de la aplicacion
[24-Mar-2021 02:14:30 Europe/Berlin] Inicio de la aplicacion
[24-Mar-2021 02:14:30 Europe/Berlin] Inicio de la aplicacion
[24-Mar-2021 02:14:30 Europe/Berlin] Inicio de la aplicacion
[24-Mar-2021 02:14:35 Europe/Berlin] Inicio de la aplicacion
[24-Mar-2021 02:14:39 Europe/Berlin] Inicio de la aplicacion
[24-Mar-2021 02:14:40 Europe/Berlin] Inicio de la aplicacion
[24-Mar-2021 02:14:40 Europe/Berlin] Inicio de la aplicacion
[24-Mar-2021 02:14:40 Europe/Berlin] Inicio de la aplicacion
[24-Mar-2021 02:14:40 Europe/Berlin] Inicio de la aplicacion
[24-Mar-2021 02:14:40 Europe/Berlin] Inicio de la aplicacion
[24-Mar-2021 02:14:40 Europe/Berlin] Inicio de la aplicacion
[24-Mar-2021 02:16:09 Europe/Berlin] Inicio de la aplicacion
[24-Mar-2021 02:16:12 Europe/Berlin] Inicio de la aplicacion
[24-Mar-2021 02:16:12 Europe/Berlin] Inicio de la aplicacion
[24-Mar-2021 02:16:12 Europe/Berlin] Inicio de la aplicacion
[24-Mar-2021 02:16:12 Europe/Berlin] Inicio de la aplicacion
[24-Mar-2021 02:16:12 Europe/Berlin] Inicio de la aplicacion
[24-Mar-2021 02:16:13 Europe/Berlin] Inicio de la aplicacion
[24-Mar-2021 02:16:14 Europe/Berlin] Inicio de la aplicacion
[24-Mar-2021 02:16:14 Europe/Berlin] Inicio de la aplicacion
[24-Mar-2021 02:16:14 Europe/Berlin] Inicio de la aplicacion
[24-Mar-2021 02:16:17 Europe/Berlin] Inicio de la aplicacion
[24-Mar-2021 02:16:21 Europe/Berlin] Inicio de la aplicacion
[24-Mar-2021 02:16:21 Europe/Berlin] Inicio de la aplicacion
[24-Mar-2021 02:16:21 Europe/Berlin] Inicio de la aplicacion
[24-Mar-2021 02:16:21 Europe/Berlin] Inicio de la aplicacion
[24-Mar-2021 02:16:21 Europe/Berlin] Inicio de la aplicacion
[24-Mar-2021 02:16:21 Europe/Berlin] Inicio de la aplicacion
[24-Mar-2021 02:16:22 Europe/Berlin] Inicio de la aplicacion
[24-Mar-2021 02:16:33 Europe/Berlin] Inicio de la aplicacion
[24-Mar-2021 02:16:36 Europe/Berlin] Inicio de la aplicacion
[24-Mar-2021 02:16:36 Europe/Berlin] Inicio de la aplicacion
[24-Mar-2021 02:16:36 Europe/Berlin] Inicio de la aplicacion
[24-Mar-2021 02:16:36 Europe/Berlin] Inicio de la aplicacion
[24-Mar-2021 02:16:36 Europe/Berlin] Inicio de la aplicacion
[24-Mar-2021 02:16:37 Europe/Berlin] Inicio de la aplicacion
[24-Mar-2021 02:16:37 Europe/Berlin] Inicio de la aplicacion
[24-Mar-2021 02:18:48 Europe/Berlin] Inicio de la aplicacion
[24-Mar-2021 02:18:50 Europe/Berlin] Inicio de la aplicacion
[24-Mar-2021 02:18:53 Europe/Berlin] Inicio de la aplicacion
[24-Mar-2021 02:18:55 Europe/Berlin] Inicio de la aplicacion
[24-Mar-2021 02:18:56 Europe/Berlin] Inicio de la aplicacion
[24-Mar-2021 02:18:56 Europe/Berlin] Inicio de la aplicacion
[24-Mar-2021 02:18:56 Europe/Berlin] Inicio de la aplicacion
[24-Mar-2021 02:19:14 Europe/Berlin] Inicio de la aplicacion
[24-Mar-2021 02:19:17 Europe/Berlin] Inicio de la aplicacion
[24-Mar-2021 02:19:56 Europe/Berlin] Inicio de la aplicacion
[24-Mar-2021 02:19:59 Europe/Berlin] Inicio de la aplicacion
[24-Mar-2021 02:21:22 Europe/Berlin] Inicio de la aplicacion
[24-Mar-2021 02:21:23 Europe/Berlin] Inicio de la aplicacion
[24-Mar-2021 02:21:23 Europe/Berlin] Inicio de la aplicacion
[24-Mar-2021 02:21:23 Europe/Berlin] Inicio de la aplicacion
[24-Mar-2021 02:21:23 Europe/Berlin] Inicio de la aplicacion
[24-Mar-2021 02:21:29 Europe/Berlin] Inicio de la aplicacion
[24-Mar-2021 02:21:35 Europe/Berlin] Inicio de la aplicacion
[24-Mar-2021 02:21:37 Europe/Berlin] Inicio de la aplicacion
[24-Mar-2021 02:21:37 Europe/Berlin] Inicio de la aplicacion
[24-Mar-2021 02:21:37 Europe/Berlin] Inicio de la aplicacion
[24-Mar-2021 02:21:38 Europe/Berlin] Inicio de la aplicacion
[24-Mar-2021 02:21:38 Europe/Berlin] Inicio de la aplicacion
[24-Mar-2021 02:21:38 Europe/Berlin] Inicio de la aplicacion
[24-Mar-2021 02:21:43 Europe/Berlin] Inicio de la aplicacion
[24-Mar-2021 02:21:43 Europe/Berlin] PHP Notice:  Trying to access array offset on value of type bool in C:\xampp\htdocs\proyectos\proyecto3\Bienes\Models\Templates\ListarBienes.php on line 64
[24-Mar-2021 02:21:43 Europe/Berlin] PHP Notice:  Undefined variable: movimientos in C:\xampp\htdocs\proyectos\proyecto3\Bienes\Models\Templates\ListarBienes.php on line 281
[24-Mar-2021 02:21:52 Europe/Berlin] Inicio de la aplicacion
[24-Mar-2021 02:21:52 Europe/Berlin] PHP Notice:  Trying to access array offset on value of type null in C:\xampp\htdocs\proyectos\proyecto3\Bienes\Views\Includes\Nav.php on line 70
[24-Mar-2021 02:21:52 Europe/Berlin] PHP Notice:  Trying to access array offset on value of type null in C:\xampp\htdocs\proyectos\proyecto3\Bienes\Views\Includes\Nav.php on line 137
[24-Mar-2021 02:21:52 Europe/Berlin] PHP Notice:  Trying to access array offset on value of type null in C:\xampp\htdocs\proyectos\proyecto3\Bienes\Views\Includes\Nav.php on line 182
[24-Mar-2021 02:21:52 Europe/Berlin] PHP Notice:  Trying to access array offset on value of type null in C:\xampp\htdocs\proyectos\proyecto3\Bienes\Views\Includes\WraperHeader.php on line 8
[24-Mar-2021 02:21:53 Europe/Berlin] Inicio de la aplicacion
[24-Mar-2021 02:23:13 Europe/Berlin] Inicio de la aplicacion
[24-Mar-2021 02:23:15 Europe/Berlin] Inicio de la aplicacion
[24-Mar-2021 02:23:15 Europe/Berlin] Inicio de la aplicacion
[24-Mar-2021 02:23:16 Europe/Berlin] Inicio de la aplicacion
[24-Mar-2021 02:23:16 Europe/Berlin] Inicio de la aplicacion
[24-Mar-2021 02:23:16 Europe/Berlin] Inicio de la aplicacion
[24-Mar-2021 02:23:16 Europe/Berlin] Inicio de la aplicacion
[24-Mar-2021 02:23:23 Europe/Berlin] Inicio de la aplicacion
[24-Mar-2021 02:23:24 Europe/Berlin] PHP Notice:  Trying to access array offset on value of type bool in C:\xampp\htdocs\proyectos\proyecto3\Bienes\Models\Templates\ListarBienes.php on line 64
[24-Mar-2021 02:23:47 Europe/Berlin] Inicio de la aplicacion
[24-Mar-2021 02:23:49 Europe/Berlin] Inicio de la aplicacion
[24-Mar-2021 02:23:49 Europe/Berlin] Inicio de la aplicacion
[24-Mar-2021 02:23:49 Europe/Berlin] Inicio de la aplicacion
[24-Mar-2021 02:23:49 Europe/Berlin] Inicio de la aplicacion
[24-Mar-2021 02:23:49 Europe/Berlin] Inicio de la aplicacion
[24-Mar-2021 02:23:50 Europe/Berlin] Inicio de la aplicacion
[24-Mar-2021 02:23:53 Europe/Berlin] Inicio de la aplicacion
[24-Mar-2021 02:23:53 Europe/Berlin] PHP Notice:  Trying to access array offset on value of type bool in C:\xampp\htdocs\proyectos\proyecto3\Bienes\Models\Templates\ListarBienes.php on line 64
[24-Mar-2021 02:23:57 Europe/Berlin] Inicio de la aplicacion
[24-Mar-2021 02:23:57 Europe/Berlin] Inicio de la aplicacion
[24-Mar-2021 02:23:57 Europe/Berlin] Inicio de la aplicacion
[24-Mar-2021 02:24:14 Europe/Berlin] Inicio de la aplicacion
[24-Mar-2021 02:24:14 Europe/Berlin] Inicio de la aplicacion
[24-Mar-2021 02:24:14 Europe/Berlin] Inicio de la aplicacion
[24-Mar-2021 02:24:14 Europe/Berlin] Inicio de la aplicacion
[24-Mar-2021 02:24:14 Europe/Berlin] Inicio de la aplicacion
[24-Mar-2021 02:24:15 Europe/Berlin] Inicio de la aplicacion
[24-Mar-2021 02:24:15 Europe/Berlin] Inicio de la aplicacion
[24-Mar-2021 02:33:13 Europe/Berlin] Inicio de la aplicacion
[23-Mar-2021 21:33:13 America/Caracas] PHP Notice:  Trying to access array offset on value of type bool in C:\xampp\htdocs\proyectos\proyecto3\Bienes\Models\ClsBienes.php on line 216
[23-Mar-2021 21:33:13 America/Caracas] PHP Notice:  Trying to access array offset on value of type bool in C:\xampp\htdocs\proyectos\proyecto3\Bienes\Models\ClsBienes.php on line 220
[24-Mar-2021 02:33:13 Europe/Berlin] Inicio de la aplicacion
[24-Mar-2021 02:33:13 Europe/Berlin] Inicio de la aplicacion
[24-Mar-2021 02:33:13 Europe/Berlin] Inicio de la aplicacion
[24-Mar-2021 02:33:13 Europe/Berlin] Inicio de la aplicacion
[24-Mar-2021 02:33:13 Europe/Berlin] Inicio de la aplicacion
[24-Mar-2021 02:33:13 Europe/Berlin] Inicio de la aplicacion
[24-Mar-2021 02:33:17 Europe/Berlin] Inicio de la aplicacion
[23-Mar-2021 21:33:17 America/Caracas] PHP Notice:  Trying to access array offset on value of type bool in C:\xampp\htdocs\proyectos\proyecto3\Bienes\Models\ClsBienes.php on line 216
[23-Mar-2021 21:33:17 America/Caracas] PHP Notice:  Trying to access array offset on value of type bool in C:\xampp\htdocs\proyectos\proyecto3\Bienes\Models\ClsBienes.php on line 220
[24-Mar-2021 02:33:17 Europe/Berlin] Inicio de la aplicacion
[24-Mar-2021 02:33:17 Europe/Berlin] Inicio de la aplicacion
[24-Mar-2021 02:33:17 Europe/Berlin] Inicio de la aplicacion
[24-Mar-2021 02:33:17 Europe/Berlin] Inicio de la aplicacion
[24-Mar-2021 02:33:17 Europe/Berlin] Inicio de la aplicacion
[24-Mar-2021 02:33:17 Europe/Berlin] Inicio de la aplicacion
[24-Mar-2021 02:33:19 Europe/Berlin] Inicio de la aplicacion
[24-Mar-2021 02:33:19 Europe/Berlin] PHP Notice:  Trying to access array offset on value of type bool in C:\xampp\htdocs\proyectos\proyecto3\Bienes\Models\Templates\ListarBienes.php on line 64
[24-Mar-2021 02:36:09 Europe/Berlin] Inicio de la aplicacion
[24-Mar-2021 02:36:09 Europe/Berlin] Inicio de la aplicacion
[24-Mar-2021 14:12:19 Europe/Berlin] Inicio de la aplicacion
[24-Mar-2021 14:12:19 Europe/Berlin] PHP Notice:  Trying to access array offset on value of type null in C:\xampp\htdocs\proyectos\proyecto3\Bienes\Views\Includes\Nav.php on line 70
[24-Mar-2021 14:12:19 Europe/Berlin] PHP Notice:  Trying to access array offset on value of type null in C:\xampp\htdocs\proyectos\proyecto3\Bienes\Views\Includes\Nav.php on line 137
[24-Mar-2021 14:12:19 Europe/Berlin] PHP Notice:  Trying to access array offset on value of type null in C:\xampp\htdocs\proyectos\proyecto3\Bienes\Views\Includes\Nav.php on line 182
[24-Mar-2021 14:12:19 Europe/Berlin] PHP Notice:  Trying to access array offset on value of type null in C:\xampp\htdocs\proyectos\proyecto3\Bienes\Views\Includes\WraperHeader.php on line 8
[24-Mar-2021 14:12:19 Europe/Berlin] Inicio de la aplicacion
[24-Mar-2021 14:12:33 Europe/Berlin] Inicio de la aplicacion
[24-Mar-2021 14:12:33 Europe/Berlin] Inicio de la aplicacion
[24-Mar-2021 14:12:33 Europe/Berlin] Inicio de la aplicacion
[24-Mar-2021 14:12:43 Europe/Berlin] Inicio de la aplicacion
[24-Mar-2021 14:12:45 Europe/Berlin] Inicio de la aplicacion
[24-Mar-2021 14:12:45 Europe/Berlin] Inicio de la aplicacion
[24-Mar-2021 14:12:46 Europe/Berlin] Inicio de la aplicacion
[24-Mar-2021 14:12:46 Europe/Berlin] Inicio de la aplicacion
[24-Mar-2021 14:12:46 Europe/Berlin] Inicio de la aplicacion
[24-Mar-2021 14:12:46 Europe/Berlin] Inicio de la aplicacion
[24-Mar-2021 14:12:47 Europe/Berlin] Inicio de la aplicacion
[24-Mar-2021 14:14:59 Europe/Berlin] Inicio de la aplicacion
[24-Mar-2021 14:14:59 Europe/Berlin] PHP Notice:  Trying to access array offset on value of type null in C:\xampp\htdocs\proyectos\proyecto3\Bienes\Views\Includes\Nav.php on line 70
[24-Mar-2021 14:14:59 Europe/Berlin] PHP Notice:  Trying to access array offset on value of type null in C:\xampp\htdocs\proyectos\proyecto3\Bienes\Views\Includes\Nav.php on line 137
[24-Mar-2021 14:14:59 Europe/Berlin] PHP Notice:  Trying to access array offset on value of type null in C:\xampp\htdocs\proyectos\proyecto3\Bienes\Views\Includes\Nav.php on line 182
[24-Mar-2021 14:14:59 Europe/Berlin] PHP Notice:  Trying to access array offset on value of type null in C:\xampp\htdocs\proyectos\proyecto3\Bienes\Views\Includes\WraperHeader.php on line 8
[24-Mar-2021 14:14:59 Europe/Berlin] Inicio de la aplicacion
[24-Mar-2021 14:33:22 Europe/Berlin] Inicio de la aplicacion
[24-Mar-2021 14:33:22 Europe/Berlin] Inicio de la aplicacion
[25-Mar-2021 00:19:21 Europe/Berlin] Inicio de la aplicacion
[25-Mar-2021 00:19:21 Europe/Berlin] PHP Notice:  Trying to access array offset on value of type null in C:\xampp\htdocs\proyectos\proyecto3\Bienes\Views\Includes\Nav.php on line 70
[25-Mar-2021 00:19:21 Europe/Berlin] PHP Notice:  Trying to access array offset on value of type null in C:\xampp\htdocs\proyectos\proyecto3\Bienes\Views\Includes\Nav.php on line 137
[25-Mar-2021 00:19:21 Europe/Berlin] PHP Notice:  Trying to access array offset on value of type null in C:\xampp\htdocs\proyectos\proyecto3\Bienes\Views\Includes\Nav.php on line 182
[25-Mar-2021 00:19:21 Europe/Berlin] PHP Notice:  Trying to access array offset on value of type null in C:\xampp\htdocs\proyectos\proyecto3\Bienes\Views\Includes\WraperHeader.php on line 8
[25-Mar-2021 00:19:21 Europe/Berlin] Inicio de la aplicacion
[25-Mar-2021 00:19:53 Europe/Berlin] Inicio de la aplicacion
[25-Mar-2021 00:19:53 Europe/Berlin] PHP Notice:  Trying to access array offset on value of type null in C:\xampp\htdocs\proyectos\proyecto3\Bienes\Views\Includes\Nav.php on line 70
[25-Mar-2021 00:19:53 Europe/Berlin] PHP Notice:  Trying to access array offset on value of type null in C:\xampp\htdocs\proyectos\proyecto3\Bienes\Views\Includes\Nav.php on line 137
[25-Mar-2021 00:19:53 Europe/Berlin] PHP Notice:  Trying to access array offset on value of type null in C:\xampp\htdocs\proyectos\proyecto3\Bienes\Views\Includes\Nav.php on line 182
[25-Mar-2021 00:19:53 Europe/Berlin] PHP Notice:  Trying to access array offset on value of type null in C:\xampp\htdocs\proyectos\proyecto3\Bienes\Views\Includes\WraperHeader.php on line 8
[25-Mar-2021 00:19:53 Europe/Berlin] Inicio de la aplicacion
[25-Mar-2021 02:18:12 Europe/Berlin] Inicio de la aplicacion
[25-Mar-2021 02:19:54 Europe/Berlin] Inicio de la aplicacion
[25-Mar-2021 02:19:55 Europe/Berlin] Inicio de la aplicacion
[25-Mar-2021 02:19:55 Europe/Berlin] Inicio de la aplicacion
[25-Mar-2021 02:20:00 Europe/Berlin] Inicio de la aplicacion
[25-Mar-2021 02:20:02 Europe/Berlin] Inicio de la aplicacion
[25-Mar-2021 02:20:02 Europe/Berlin] Inicio de la aplicacion
[25-Mar-2021 02:20:05 Europe/Berlin] Inicio de la aplicacion
[25-Mar-2021 02:20:07 Europe/Berlin] Inicio de la aplicacion
[25-Mar-2021 02:20:07 Europe/Berlin] Inicio de la aplicacion
[25-Mar-2021 02:20:07 Europe/Berlin] Inicio de la aplicacion
[25-Mar-2021 02:20:08 Europe/Berlin] Inicio de la aplicacion
[25-Mar-2021 02:20:08 Europe/Berlin] Inicio de la aplicacion
[25-Mar-2021 02:20:08 Europe/Berlin] Inicio de la aplicacion
[25-Mar-2021 02:20:12 Europe/Berlin] Inicio de la aplicacion
[25-Mar-2021 02:20:14 Europe/Berlin] Inicio de la aplicacion
[25-Mar-2021 02:20:14 Europe/Berlin] Inicio de la aplicacion
[25-Mar-2021 02:20:15 Europe/Berlin] Inicio de la aplicacion
[25-Mar-2021 02:20:17 Europe/Berlin] Inicio de la aplicacion
[25-Mar-2021 02:20:31 Europe/Berlin] Inicio de la aplicacion
[25-Mar-2021 02:20:33 Europe/Berlin] Inicio de la aplicacion
[25-Mar-2021 02:20:43 Europe/Berlin] Inicio de la aplicacion
[25-Mar-2021 02:20:45 Europe/Berlin] Inicio de la aplicacion
[25-Mar-2021 02:20:45 Europe/Berlin] Inicio de la aplicacion
[25-Mar-2021 02:20:45 Europe/Berlin] Inicio de la aplicacion
[25-Mar-2021 02:20:45 Europe/Berlin] Inicio de la aplicacion
[25-Mar-2021 02:20:48 Europe/Berlin] Inicio de la aplicacion
[25-Mar-2021 02:20:50 Europe/Berlin] Inicio de la aplicacion
[25-Mar-2021 02:20:51 Europe/Berlin] Inicio de la aplicacion
[25-Mar-2021 02:20:51 Europe/Berlin] Inicio de la aplicacion
[25-Mar-2021 02:20:51 Europe/Berlin] Inicio de la aplicacion
[25-Mar-2021 02:20:51 Europe/Berlin] Inicio de la aplicacion
[25-Mar-2021 02:20:51 Europe/Berlin] Inicio de la aplicacion
[25-Mar-2021 02:20:59 Europe/Berlin] Inicio de la aplicacion
[25-Mar-2021 02:21:01 Europe/Berlin] Inicio de la aplicacion
[25-Mar-2021 02:21:01 Europe/Berlin] Inicio de la aplicacion
[25-Mar-2021 02:21:02 Europe/Berlin] Inicio de la aplicacion
[25-Mar-2021 02:21:05 Europe/Berlin] Inicio de la aplicacion
[25-Mar-2021 02:21:07 Europe/Berlin] Inicio de la aplicacion
[25-Mar-2021 02:21:18 Europe/Berlin] Inicio de la aplicacion
[25-Mar-2021 02:21:18 Europe/Berlin] Inicio de la aplicacion
[25-Mar-2021 02:21:21 Europe/Berlin] Inicio de la aplicacion
[25-Mar-2021 02:21:23 Europe/Berlin] Inicio de la aplicacion
[25-Mar-2021 02:21:23 Europe/Berlin] Inicio de la aplicacion
[25-Mar-2021 02:21:23 Europe/Berlin] Inicio de la aplicacion
[25-Mar-2021 02:21:23 Europe/Berlin] Inicio de la aplicacion
[25-Mar-2021 02:21:23 Europe/Berlin] Inicio de la aplicacion
[25-Mar-2021 02:21:24 Europe/Berlin] Inicio de la aplicacion
[25-Mar-2021 02:21:25 Europe/Berlin] Inicio de la aplicacion
[25-Mar-2021 02:21:27 Europe/Berlin] Inicio de la aplicacion
[25-Mar-2021 02:21:27 Europe/Berlin] Inicio de la aplicacion
[25-Mar-2021 02:21:28 Europe/Berlin] Inicio de la aplicacion
[25-Mar-2021 02:21:30 Europe/Berlin] Inicio de la aplicacion
[25-Mar-2021 02:21:54 Europe/Berlin] Inicio de la aplicacion
[25-Mar-2021 02:21:55 Europe/Berlin] Inicio de la aplicacion
[25-Mar-2021 02:21:55 Europe/Berlin] Inicio de la aplicacion
[25-Mar-2021 02:21:55 Europe/Berlin] Inicio de la aplicacion
[25-Mar-2021 02:21:55 Europe/Berlin] Inicio de la aplicacion
[25-Mar-2021 02:21:57 Europe/Berlin] Inicio de la aplicacion
[25-Mar-2021 02:21:59 Europe/Berlin] Inicio de la aplicacion
[25-Mar-2021 02:22:00 Europe/Berlin] Inicio de la aplicacion
[25-Mar-2021 02:22:00 Europe/Berlin] Inicio de la aplicacion
[25-Mar-2021 02:22:00 Europe/Berlin] Inicio de la aplicacion
[25-Mar-2021 02:22:00 Europe/Berlin] Inicio de la aplicacion
[25-Mar-2021 02:22:01 Europe/Berlin] Inicio de la aplicacion
[25-Mar-2021 02:22:56 Europe/Berlin] Inicio de la aplicacion
[25-Mar-2021 02:23:00 Europe/Berlin] Inicio de la aplicacion
[25-Mar-2021 02:23:00 Europe/Berlin] Inicio de la aplicacion
[25-Mar-2021 02:23:01 Europe/Berlin] Inicio de la aplicacion
[25-Mar-2021 02:23:03 Europe/Berlin] Inicio de la aplicacion
[25-Mar-2021 02:23:05 Europe/Berlin] Inicio de la aplicacion
[25-Mar-2021 02:25:05 Europe/Berlin] Inicio de la aplicacion
[25-Mar-2021 02:25:05 Europe/Berlin] Inicio de la aplicacion
[25-Mar-2021 02:25:24 Europe/Berlin] Inicio de la aplicacion
[25-Mar-2021 02:25:29 Europe/Berlin] Inicio de la aplicacion
[25-Mar-2021 02:25:33 Europe/Berlin] Inicio de la aplicacion
[25-Mar-2021 02:25:33 Europe/Berlin] Inicio de la aplicacion
[25-Mar-2021 02:25:34 Europe/Berlin] Inicio de la aplicacion
[25-Mar-2021 02:25:34 Europe/Berlin] Inicio de la aplicacion
[25-Mar-2021 02:25:34 Europe/Berlin] Inicio de la aplicacion
[25-Mar-2021 02:25:35 Europe/Berlin] Inicio de la aplicacion
[25-Mar-2021 02:25:55 Europe/Berlin] Inicio de la aplicacion
[25-Mar-2021 02:25:57 Europe/Berlin] Inicio de la aplicacion
[25-Mar-2021 02:25:57 Europe/Berlin] Inicio de la aplicacion
[25-Mar-2021 02:25:58 Europe/Berlin] Inicio de la aplicacion
[25-Mar-2021 02:25:58 Europe/Berlin] Inicio de la aplicacion
[25-Mar-2021 02:25:58 Europe/Berlin] Inicio de la aplicacion
[25-Mar-2021 02:25:58 Europe/Berlin] Inicio de la aplicacion
[25-Mar-2021 02:26:43 Europe/Berlin] Inicio de la aplicacion
[25-Mar-2021 02:26:47 Europe/Berlin] Inicio de la aplicacion
[25-Mar-2021 02:26:47 Europe/Berlin] Inicio de la aplicacion
[25-Mar-2021 02:26:47 Europe/Berlin] Inicio de la aplicacion
[25-Mar-2021 02:26:48 Europe/Berlin] Inicio de la aplicacion
[25-Mar-2021 02:26:48 Europe/Berlin] Inicio de la aplicacion
[25-Mar-2021 02:26:49 Europe/Berlin] Inicio de la aplicacion
[25-Mar-2021 02:27:11 Europe/Berlin] Inicio de la aplicacion
[25-Mar-2021 02:27:14 Europe/Berlin] Inicio de la aplicacion
[25-Mar-2021 02:27:15 Europe/Berlin] Inicio de la aplicacion
[25-Mar-2021 02:27:15 Europe/Berlin] Inicio de la aplicacion
[25-Mar-2021 02:27:15 Europe/Berlin] Inicio de la aplicacion
[25-Mar-2021 02:27:15 Europe/Berlin] Inicio de la aplicacion
[25-Mar-2021 02:27:16 Europe/Berlin] Inicio de la aplicacion
[25-Mar-2021 02:27:44 Europe/Berlin] Inicio de la aplicacion
[25-Mar-2021 02:27:46 Europe/Berlin] Inicio de la aplicacion
[25-Mar-2021 02:28:01 Europe/Berlin] Inicio de la aplicacion
[25-Mar-2021 02:28:01 Europe/Berlin] Inicio de la aplicacion
